<?xml version="1.0" encoding="UTF-8"?>
<!-- Generated by org.testng.reporters.JUnitXMLReporter -->
<testsuite ignored="0" hostname="DESKTOP-SOV88PO" failures="0" tests="11" name="Test" time="24.483" errors="0" timestamp="2023-04-28T14:52:59 ART">
  <testcase classname="test.LoginTest" name="loginFailureEmptyCredentials" time="0.069"/>
  <testcase classname="test.LoginTest" name="loginFailureInvalidPassword" time="0.169"/>
  <testcase classname="test.LoginTest" name="loginFailureInvalidUsername" time="0.14"/>
  <testcase classname="test.LoginTest" name="loginSuccess" time="0.227"/>
  <testcase classname="test.CheckoutTest" name="validCartTotal" time="0.077"/>
  <testcase classname="test.CheckoutTest" name="validCheckoutFormAlert" time="2.723"/>
  <testcase classname="test.CheckoutTest" name="validCheckoutSuccess" time="0.645"/>
  <testcase classname="test.GridTest" name="checkAllItemsCompleted" time="0.645"/>
  <testcase classname="test.GridTest" name="checkItemSuperPepperoni" time="0.193"/>
  <testcase classname="test.SearchTest" name="checkSearchEmpty" time="3.197"/>
  <testcase classname="test.SearchTest" name="checkSearchSuccess" time="2.183"/>
</testsuite> <!-- Test -->
